shadow_client/build/intermediates/manifest_merge_blame_file/debug/manifest-merger-blame-debug-report.txt
1<?xml version="1.0" encoding="utf-8"?>
2<manifest xmlns:android="http://schemas.android.com/apk/res/android"
3    package="com.shadowfs.client"
4    android:versionCode="1"
5    android:versionName="1.0" >
6
7    <uses-sdk
8        android:minSdkVersion="29"
9        android:targetSdkVersion="34" />
10
11    <!-- Permessi Generici di Rete (QUIC mTLS) -->
12    <uses-permission android:name="android.permission.INTERNET" />
12-->src\main\AndroidManifest.xml:6:5-67
12-->src\main\AndroidManifest.xml:6:22-64
13    <uses-permission android:name="android.permission.CAMERA" />
13-->src\main\AndroidManifest.xml:7:5-65
13-->src\main\AndroidManifest.xml:7:22-62
14
15    <uses-feature
15-->src\main\AndroidManifest.xml:8:5-85
16        android:name="android.hardware.camera"
16-->src\main\AndroidManifest.xml:8:19-57
17        android:required="false" />
17-->src\main\AndroidManifest.xml:8:58-82
18
19    <uses-permission android:name="android.permission.ACCESS_NETWORK_STATE" />
19-->src\main\AndroidManifest.xml:9:5-79
19-->src\main\AndroidManifest.xml:9:22-76
20    <uses-permission android:name="android.permission.ACCESS_WIFI_STATE" />
20-->src\main\AndroidManifest.xml:10:5-76
20-->src\main\AndroidManifest.xml:10:22-73
21
22    <!-- Permessi Background -->
23    <uses-permission android:name="android.permission.FOREGROUND_SERVICE" />
23-->src\main\AndroidManifest.xml:13:5-77
23-->src\main\AndroidManifest.xml:13:22-74
24    <uses-permission android:name="android.permission.FOREGROUND_SERVICE_DATA_SYNC" />
24-->src\main\AndroidManifest.xml:14:5-87
24-->src\main\AndroidManifest.xml:14:22-84
25    <uses-permission android:name="android.permission.POST_NOTIFICATIONS" />
25-->src\main\AndroidManifest.xml:15:5-77
25-->src\main\AndroidManifest.xml:15:22-74
26
27    <!-- Permessi Spazio di Archiviazione (Ghosting) Android 11+ -->
28    <uses-permission android:name="android.permission.MANAGE_EXTERNAL_STORAGE" />
28-->src\main\AndroidManifest.xml:18:5-19:53
28-->src\main\AndroidManifest.xml:18:22-79
29    <uses-permission android:name="android.permission.READ_EXTERNAL_STORAGE" />
29-->src\main\AndroidManifest.xml:20:5-80
29-->src\main\AndroidManifest.xml:20:22-77
30    <uses-permission android:name="android.permission.WRITE_EXTERNAL_STORAGE" />
30-->src\main\AndroidManifest.xml:21:5-81
30-->src\main\AndroidManifest.xml:21:22-78
31
32    <permission
32-->[androidx.core:core:1.12.0] AndroidManifest.xml:22:5-24:47
33        android:name="com.shadowfs.client.DYNAMIC_RECEIVER_NOT_EXPORTED_PERMISSION"
33-->[androidx.core:core:1.12.0] AndroidManifest.xml:23:9-81
34        android:protectionLevel="signature" />
34-->[androidx.core:core:1.12.0] AndroidManifest.xml:24:9-44
35
36    <uses-permission android:name="com.shadowfs.client.DYNAMIC_RECEIVER_NOT_EXPORTED_PERMISSION" />
36-->[androidx.core:core:1.12.0] AndroidManifest.xml:26:5-97
36-->[androidx.core:core:1.12.0] AndroidManifest.xml:26:22-94
37
38    <application
38-->src\main\AndroidManifest.xml:23:5-61:19
39        android:allowBackup="false"
39-->src\main\AndroidManifest.xml:24:9-36
40        android:appComponentFactory="androidx.core.app.CoreComponentFactory"
40-->[androidx.core:core:1.12.0] AndroidManifest.xml:28:18-86
41        android:debuggable="true"
42        android:extractNativeLibs="false"
43        android:icon="@mipmap/ic_launcher"
43-->src\main\AndroidManifest.xml:25:9-43
44        android:label="ShadowFS"
44-->src\main\AndroidManifest.xml:27:9-33
45        android:roundIcon="@mipmap/ic_launcher"
45-->src\main\AndroidManifest.xml:26:9-48
46        android:supportsRtl="true"
46-->src\main\AndroidManifest.xml:28:9-35
47        android:testOnly="true"
48        android:theme="@style/Theme.AppCompat.Light.DarkActionBar" >
48-->src\main\AndroidManifest.xml:29:9-67
49
50        <!-- Implementazione MainActivity Placeholder per Avviare e Chiedere Permessi -->
51        <activity
51-->src\main\AndroidManifest.xml:32:9-39:20
52            android:name="com.shadowfs.client.MainActivity"
52-->src\main\AndroidManifest.xml:33:13-41
53            android:exported="true" >
53-->src\main\AndroidManifest.xml:34:13-36
54            <intent-filter>
54-->src\main\AndroidManifest.xml:35:13-38:29
55                <action android:name="android.intent.action.MAIN" />
55-->src\main\AndroidManifest.xml:36:17-69
55-->src\main\AndroidManifest.xml:36:25-66
56
57                <category android:name="android.intent.category.LAUNCHER" />
57-->src\main\AndroidManifest.xml:37:17-77
57-->src\main\AndroidManifest.xml:37:27-74
58            </intent-filter>
59        </activity>
60
61        <!-- Lista file ghostati -->
62        <activity
62-->src\main\AndroidManifest.xml:42:9-45:57
63            android:name="com.shadowfs.client.GhostListActivity"
63-->src\main\AndroidManifest.xml:43:13-46
64            android:exported="false"
64-->src\main\AndroidManifest.xml:44:13-37
65            android:parentActivityName="com.shadowfs.client.MainActivity" />
65-->src\main\AndroidManifest.xml:45:13-55
66
67        <!-- Scanner QR per pairing -->
68        <activity
68-->src\main\AndroidManifest.xml:48:9-51:57
69            android:name="com.shadowfs.client.QrScanActivity"
69-->src\main\AndroidManifest.xml:49:13-43
70            android:exported="false"
70-->src\main\AndroidManifest.xml:50:13-37
71            android:parentActivityName="com.shadowfs.client.MainActivity" />
71-->src\main\AndroidManifest.xml:51:13-55
72
73        <!-- Servizio Persistente -->
74        <service
74-->src\main\AndroidManifest.xml:54:9-59:19
75            android:name="com.shadowfs.client.ShadowForegroundService"
75-->src\main\AndroidManifest.xml:55:13-52
76            android:enabled="true"
76-->src\main\AndroidManifest.xml:56:13-35
77            android:exported="false"
77-->src\main\AndroidManifest.xml:57:13-37
78            android:foregroundServiceType="dataSync" >
78-->src\main\AndroidManifest.xml:58:13-53
79        </service>
80
81        <!--
82        Service for holding metadata. Cannot be instantiated.
83        Metadata will be merged from other manifests.
84        -->
85        <service
85-->[androidx.camera:camera-core:1.3.1] AndroidManifest.xml:29:9-33:78
86            android:name="androidx.camera.core.impl.MetadataHolderService"
86-->[androidx.camera:camera-core:1.3.1] AndroidManifest.xml:30:13-75
87            android:enabled="false"
87-->[androidx.camera:camera-core:1.3.1] AndroidManifest.xml:31:13-36
88            android:exported="false" >
88-->[androidx.camera:camera-core:1.3.1] AndroidManifest.xml:32:13-37
89            <meta-data
89-->[androidx.camera:camera-camera2:1.3.1] AndroidManifest.xml:30:13-32:89
90                android:name="androidx.camera.core.impl.MetadataHolderService.DEFAULT_CONFIG_PROVIDER"
90-->[androidx.camera:camera-camera2:1.3.1] AndroidManifest.xml:31:17-103
91                android:value="androidx.camera.camera2.Camera2Config$DefaultProvider" />
91-->[androidx.camera:camera-camera2:1.3.1] AndroidManifest.xml:32:17-86
92        </service>
93
94        <provider
94-->[androidx.emoji2:emoji2:1.2.0] AndroidManifest.xml:24:9-32:20
95            android:name="androidx.startup.InitializationProvider"
95-->[androidx.emoji2:emoji2:1.2.0] AndroidManifest.xml:25:13-67
96            android:authorities="com.shadowfs.client.androidx-startup"
96-->[androidx.emoji2:emoji2:1.2.0] AndroidManifest.xml:26:13-68
97            android:exported="false" >
97-->[androidx.emoji2:emoji2:1.2.0] AndroidManifest.xml:27:13-37
98            <meta-data
98-->[androidx.emoji2:emoji2:1.2.0] AndroidManifest.xml:29:13-31:52
99                android:name="androidx.emoji2.text.EmojiCompatInitializer"
99-->[androidx.emoji2:emoji2:1.2.0] AndroidManifest.xml:30:17-75
100                android:value="androidx.startup" />
100-->[androidx.emoji2:emoji2:1.2.0] AndroidManifest.xml:31:17-49
101            <meta-data
101-->[androidx.lifecycle:lifecycle-process:2.6.1] AndroidManifest.xml:29:13-31:52
102                android:name="androidx.lifecycle.ProcessLifecycleInitializer"
102-->[androidx.lifecycle:lifecycle-process:2.6.1] AndroidManifest.xml:30:17-78
103                android:value="androidx.startup" />
103-->[androidx.lifecycle:lifecycle-process:2.6.1] AndroidManifest.xml:31:17-49
104            <meta-data
104-->[androidx.profileinstaller:profileinstaller:1.3.0] AndroidManifest.xml:29:13-31:52
105                android:name="androidx.profileinstaller.ProfileInstallerInitializer"
105-->[androidx.profileinstaller:profileinstaller:1.3.0] AndroidManifest.xml:30:17-85
106                android:value="androidx.startup" />
106-->[androidx.profileinstaller:profileinstaller:1.3.0] AndroidManifest.xml:31:17-49
107        </provider>
108
109        <service
109-->[com.google.android.gms:play-services-mlkit-barcode-scanning:18.3.0] AndroidManifest.xml:9:9-15:19
110            android:name="com.google.mlkit.common.internal.MlKitComponentDiscoveryService"
110-->[com.google.android.gms:play-services-mlkit-barcode-scanning:18.3.0] AndroidManifest.xml:10:13-91
111            android:directBootAware="true"
111-->[com.google.mlkit:common:18.9.0] AndroidManifest.xml:17:13-43
112            android:exported="false" >
112-->[com.google.android.gms:play-services-mlkit-barcode-scanning:18.3.0] AndroidManifest.xml:11:13-37
113            <meta-data
113-->[com.google.android.gms:play-services-mlkit-barcode-scanning:18.3.0] AndroidManifest.xml:12:13-14:85
114                android:name="com.google.firebase.components:com.google.mlkit.vision.barcode.internal.BarcodeRegistrar"
114-->[com.google.android.gms:play-services-mlkit-barcode-scanning:18.3.0] AndroidManifest.xml:13:17-120
115                android:value="com.google.firebase.components.ComponentRegistrar" />
115-->[com.google.android.gms:play-services-mlkit-barcode-scanning:18.3.0] AndroidManifest.xml:14:17-82
116            <meta-data
116-->[com.google.mlkit:vision-common:17.3.0] AndroidManifest.xml:12:13-14:85
117                android:name="com.google.firebase.components:com.google.mlkit.vision.common.internal.VisionCommonRegistrar"
117-->[com.google.mlkit:vision-common:17.3.0] AndroidManifest.xml:13:17-124
118                android:value="com.google.firebase.components.ComponentRegistrar" />
118-->[com.google.mlkit:vision-common:17.3.0] AndroidManifest.xml:14:17-82
119            <meta-data
119-->[com.google.mlkit:common:18.9.0] AndroidManifest.xml:20:13-22:85
120                android:name="com.google.firebase.components:com.google.mlkit.common.internal.CommonComponentRegistrar"
120-->[com.google.mlkit:common:18.9.0] AndroidManifest.xml:21:17-120
121                android:value="com.google.firebase.components.ComponentRegistrar" />
121-->[com.google.mlkit:common:18.9.0] AndroidManifest.xml:22:17-82
122        </service>
123
124        <provider
124-->[com.google.mlkit:common:18.9.0] AndroidManifest.xml:9:9-13:38
125            android:name="com.google.mlkit.common.internal.MlKitInitProvider"
125-->[com.google.mlkit:common:18.9.0] AndroidManifest.xml:10:13-78
126            android:authorities="com.shadowfs.client.mlkitinitprovider"
126-->[com.google.mlkit:common:18.9.0] AndroidManifest.xml:11:13-69
127            android:exported="false"
127-->[com.google.mlkit:common:18.9.0] AndroidManifest.xml:12:13-37
128            android:initOrder="99" />
128-->[com.google.mlkit:common:18.9.0] AndroidManifest.xml:13:13-35
129
130        <activity
130-->[com.google.android.gms:play-services-base:18.1.0] AndroidManifest.xml:20:9-22:45
131            android:name="com.google.android.gms.common.api.GoogleApiActivity"
131-->[com.google.android.gms:play-services-base:18.1.0] AndroidManifest.xml:20:19-85
132            android:exported="false"
132-->[com.google.android.gms:play-services-base:18.1.0] AndroidManifest.xml:22:19-43
133            android:theme="@android:style/Theme.Translucent.NoTitleBar" />
133-->[com.google.android.gms:play-services-base:18.1.0] AndroidManifest.xml:21:19-78
134
135        <meta-data
135-->[com.google.android.gms:play-services-basement:18.1.0] AndroidManifest.xml:21:9-23:69
136            android:name="com.google.android.gms.version"
136-->[com.google.android.gms:play-services-basement:18.1.0] AndroidManifest.xml:22:13-58
137            android:value="@integer/google_play_services_version" />
137-->[com.google.android.gms:play-services-basement:18.1.0] AndroidManifest.xml:23:13-66
138
139        <receiver
139-->[androidx.profileinstaller:profileinstaller:1.3.0] AndroidManifest.xml:34:9-52:20
140            android:name="androidx.profileinstaller.ProfileInstallReceiver"
140-->[androidx.profileinstaller:profileinstaller:1.3.0] AndroidManifest.xml:35:13-76
141            android:directBootAware="false"
141-->[androidx.profileinstaller:profileinstaller:1.3.0] AndroidManifest.xml:36:13-44
142            android:enabled="true"
142-->[androidx.profileinstaller:profileinstaller:1.3.0] AndroidManifest.xml:37:13-35
143            android:exported="true"
143-->[androidx.profileinstaller:profileinstaller:1.3.0] AndroidManifest.xml:38:13-36
144            android:permission="android.permission.DUMP" >
144-->[androidx.profileinstaller:profileinstaller:1.3.0] AndroidManifest.xml:39:13-57
145            <intent-filter>
145-->[androidx.profileinstaller:profileinstaller:1.3.0] AndroidManifest.xml:40:13-42:29
146                <action android:name="androidx.profileinstaller.action.INSTALL_PROFILE" />
146-->[androidx.profileinstaller:profileinstaller:1.3.0] AndroidManifest.xml:41:17-91
146-->[androidx.profileinstaller:profileinstaller:1.3.0] AndroidManifest.xml:41:25-88
147            </intent-filter>
148            <intent-filter>
148-->[androidx.profileinstaller:profileinstaller:1.3.0] AndroidManifest.xml:43:13-45:29
149                <action android:name="androidx.profileinstaller.action.SKIP_FILE" />
149-->[androidx.profileinstaller:profileinstaller:1.3.0] AndroidManifest.xml:44:17-85
149-->[androidx.profileinstaller:profileinstaller:1.3.0] AndroidManifest.xml:44:25-82
150            </intent-filter>
151            <intent-filter>
151-->[androidx.profileinstaller:profileinstaller:1.3.0] AndroidManifest.xml:46:13-48:29
152                <action android:name="androidx.profileinstaller.action.SAVE_PROFILE" />
152-->[androidx.profileinstaller:profileinstaller:1.3.0] AndroidManifest.xml:47:17-88
152-->[androidx.profileinstaller:profileinstaller:1.3.0] AndroidManifest.xml:47:25-85
153            </intent-filter>
154            <intent-filter>
154-->[androidx.profileinstaller:profileinstaller:1.3.0] AndroidManifest.xml:49:13-51:29
155                <action android:name="androidx.profileinstaller.action.BENCHMARK_OPERATION" />
155-->[androidx.profileinstaller:profileinstaller:1.3.0] AndroidManifest.xml:50:17-95
155-->[androidx.profileinstaller:profileinstaller:1.3.0] AndroidManifest.xml:50:25-92
156            </intent-filter>
157        </receiver>
158
159        <service
159-->[com.google.android.datatransport:transport-backend-cct:2.3.3] AndroidManifest.xml:29:9-35:19
160            android:name="com.google.android.datatransport.runtime.backends.TransportBackendDiscovery"
160-->[com.google.android.datatransport:transport-backend-cct:2.3.3] AndroidManifest.xml:30:13-103
161            android:exported="false" >
161-->[com.google.android.datatransport:transport-backend-cct:2.3.3] AndroidManifest.xml:31:13-37
162            <meta-data
162-->[com.google.android.datatransport:transport-backend-cct:2.3.3] AndroidManifest.xml:32:13-34:39
163                android:name="backend:com.google.android.datatransport.cct.CctBackendFactory"
163-->[com.google.android.datatransport:transport-backend-cct:2.3.3] AndroidManifest.xml:33:17-94
164                android:value="cct" />
164-->[com.google.android.datatransport:transport-backend-cct:2.3.3] AndroidManifest.xml:34:17-36
165        </service>
166        <service
166-->[com.google.android.datatransport:transport-runtime:2.2.6] AndroidManifest.xml:26:9-30:19
167            android:name="com.google.android.datatransport.runtime.scheduling.jobscheduling.JobInfoSchedulerService"
167-->[com.google.android.datatransport:transport-runtime:2.2.6] AndroidManifest.xml:27:13-117
168            android:exported="false"
168-->[com.google.android.datatransport:transport-runtime:2.2.6] AndroidManifest.xml:28:13-37
169            android:permission="android.permission.BIND_JOB_SERVICE" >
169-->[com.google.android.datatransport:transport-runtime:2.2.6] AndroidManifest.xml:29:13-69
170        </service>
171
172        <receiver
172-->[com.google.android.datatransport:transport-runtime:2.2.6] AndroidManifest.xml:32:9-34:40
173            android:name="com.google.android.datatransport.runtime.scheduling.jobscheduling.AlarmManagerSchedulerBroadcastReceiver"
173-->[com.google.android.datatransport:transport-runtime:2.2.6] AndroidManifest.xml:33:13-132
174            android:exported="false" />
174-->[com.google.android.datatransport:transport-runtime:2.2.6] AndroidManifest.xml:34:13-37
175    </application>
176
177</manifest>